<story path="stories/login/LoginToWebsite.story" title="">
<scenario keyword="Scenario:" title="Unsuccessful login using wrong e-mail">
<step outcome="successful">Given the user is on the LoginPage</step>
<step outcome="successful">When the user enters e-mail &apos;vasyl@vasyl&apos;</step>
<step outcome="successful">And the user clicks on login button</step>
<step outcome="failed" keyword="FAILED">Then the user should see error response message &apos;There is no account for the username or email you entered.&apos;<failure>org.openqa.selenium.ElementNotVisibleException: Timed out after 2 seconds. Element not available
Build info: version: &apos;3.141.59&apos;, revision: &apos;e82be7d358&apos;, time: &apos;2018-11-14T08:17:03&apos;
System info: host: &apos;ua11-al-89OA&apos;, ip: &apos;fe80:0:0:0:8cc:e4c8:7a8a:f773%en0&apos;, os.name: &apos;Mac OS X&apos;, os.arch: &apos;aarch64&apos;, os.version: &apos;12.1&apos;, java.version: &apos;1.8.0_332&apos;
Driver info: driver.version: unknown</failure></step>
<failure>org.openqa.selenium.ElementNotVisibleException: Timed out after 2 seconds. Element not available
Build info: version: &apos;3.141.59&apos;, revision: &apos;e82be7d358&apos;, time: &apos;2018-11-14T08:17:03&apos;
System info: host: &apos;ua11-al-89OA&apos;, ip: &apos;fe80:0:0:0:8cc:e4c8:7a8a:f773%en0&apos;, os.name: &apos;Mac OS X&apos;, os.arch: &apos;aarch64&apos;, os.version: &apos;12.1&apos;, java.version: &apos;1.8.0_332&apos;
Driver info: driver.version: unknown
	at net.thucydides.core.annotations.locators.SmartAjaxElementLocator.ajaxFindElement(SmartAjaxElementLocator.java:161)
	at net.thucydides.core.annotations.locators.SmartAjaxElementLocator.findElement(SmartAjaxElementLocator.java:116)
	at net.serenitybdd.core.pages.WebElementResolverByElementLocator.resolveForDriver(WebElementResolverByElementLocator.java:29)
	at net.serenitybdd.core.pages.WebElementFacadeImpl.getResolvedELement(WebElementFacadeImpl.java:234)
	at net.serenitybdd.core.pages.WebElementFacadeImpl.getElement(WebElementFacadeImpl.java:229)
	at net.serenitybdd.core.pages.WebElementFacadeImpl.getText(WebElementFacadeImpl.java:1127)
	(reflection-invoke)
	at net.thucydides.core.annotations.locators.AbstractSingleItemHandler.invoke(AbstractSingleItemHandler.java:43)
	at com.sun.proxy.$Proxy30.getText(Unknown Source)
	at com.evernote.test_framework.pages.LoginPage.getResponseMessage(LoginPage.java:37)
	at com.evernote.test_framework.steps.login.ui.EndUserUiSteps.should_see_definition(EndUserUiSteps.java:67)
	at com.evernote.test_framework.steps.login.ui.EndUserUiSteps$ByteBuddy$gb62CWHU.should_see_definition$accessor$aljKL1ls(Unknown Source)
	(reflection-invoke)
	at net.thucydides.core.steps.StepInterceptor.invokeMethod(StepInterceptor.java:492)
	at net.thucydides.core.steps.StepInterceptor.executeTestStepMethod(StepInterceptor.java:472)
	at net.thucydides.core.steps.StepInterceptor.runTestStep(StepInterceptor.java:445)
	at net.thucydides.core.steps.StepInterceptor.runOrSkipMethod(StepInterceptor.java:201)
	at net.thucydides.core.steps.StepInterceptor.testStepResult(StepInterceptor.java:188)
	at net.thucydides.core.steps.StepInterceptor.intercept(StepInterceptor.java:76)
	at net.thucydides.core.steps.ProxyConfiguration$InterceptorDispatcher.intercept(ProxyConfiguration.java:51)
	at com.evernote.test_framework.steps.login.ui.EndUserUiSteps$ByteBuddy$gb62CWHU.should_see_definition(Unknown Source)
	at com.evernote.test_framework.steps.login.ui.LoginUiSteps.thenUserShouldSeeErrorResponseMessage(LoginUiSteps.java:38)
	(reflection-invoke)
	at org.jbehave.core.steps.StepCreator$ParametrisedStep.perform(StepCreator.java:790)
	at org.jbehave.core.embedder.PerformableTree$FineSoFar.run(PerformableTree.java:349)
...</failure>
</scenario>
<scenario keyword="Scenario:" title="Unsuccessful login using wrong e-mail">
<step outcome="successful">Given the user is on the LoginPage</step>
<step outcome="successful">When the user enters e-mail &apos;ostrolutskyy@gmail.com&apos;</step>
<step outcome="successful">And the user clicks on login button</step>
<step outcome="failed" keyword="FAILED">And the user enters <parameter>password</parameter> &apos;password&apos;<failure>org.openqa.selenium.ElementNotVisibleException: Timed out after 2 seconds. Element not available
Build info: version: &apos;3.141.59&apos;, revision: &apos;e82be7d358&apos;, time: &apos;2018-11-14T08:17:03&apos;
System info: host: &apos;ua11-al-89OA&apos;, ip: &apos;fe80:0:0:0:8cc:e4c8:7a8a:f773%en0&apos;, os.name: &apos;Mac OS X&apos;, os.arch: &apos;aarch64&apos;, os.version: &apos;12.1&apos;, java.version: &apos;1.8.0_332&apos;
Driver info: driver.version: unknown</failure></step>
<step outcome="notPerformed" keyword="NOT PERFORMED">And the user clicks on login button</step>
<step outcome="notPerformed" keyword="NOT PERFORMED">Then the user should see incorrect password message &apos;Incorrect password. You modified your password 1 day ago.&apos;</step>
<failure>org.openqa.selenium.ElementNotVisibleException: Timed out after 2 seconds. Element not available
Build info: version: &apos;3.141.59&apos;, revision: &apos;e82be7d358&apos;, time: &apos;2018-11-14T08:17:03&apos;
System info: host: &apos;ua11-al-89OA&apos;, ip: &apos;fe80:0:0:0:8cc:e4c8:7a8a:f773%en0&apos;, os.name: &apos;Mac OS X&apos;, os.arch: &apos;aarch64&apos;, os.version: &apos;12.1&apos;, java.version: &apos;1.8.0_332&apos;
Driver info: driver.version: unknown
	at net.thucydides.core.annotations.locators.SmartAjaxElementLocator.ajaxFindElement(SmartAjaxElementLocator.java:161)
	at net.thucydides.core.annotations.locators.SmartAjaxElementLocator.findElement(SmartAjaxElementLocator.java:116)
	at net.serenitybdd.core.pages.WebElementResolverByElementLocator.resolveForDriver(WebElementResolverByElementLocator.java:29)
	at net.serenitybdd.core.pages.WebElementFacadeImpl.getResolvedELement(WebElementFacadeImpl.java:234)
	at net.serenitybdd.core.pages.WebElementFacadeImpl.getElement(WebElementFacadeImpl.java:229)
	at net.serenitybdd.core.pages.WebElementFacadeImpl.isDisplayed(WebElementFacadeImpl.java:1351)
	(reflection-invoke)
	at net.thucydides.core.annotations.locators.AbstractSingleItemHandler.invoke(AbstractSingleItemHandler.java:43)
	at com.sun.proxy.$Proxy30.isDisplayed(Unknown Source)
	at org.openqa.selenium.support.ui.ExpectedConditions.elementIfVisible(ExpectedConditions.java:314)
	at org.openqa.selenium.support.ui.ExpectedConditions.access$000(ExpectedConditions.java:43)
	at org.openqa.selenium.support.ui.ExpectedConditions$10.apply(ExpectedConditions.java:300)
	at org.openqa.selenium.support.ui.ExpectedConditions$10.apply(ExpectedConditions.java:297)
	at org.openqa.selenium.support.ui.ExpectedConditions$23.apply(ExpectedConditions.java:670)
	at org.openqa.selenium.support.ui.ExpectedConditions$23.apply(ExpectedConditions.java:666)
	at org.openqa.selenium.support.ui.FluentWait.until(FluentWait.java:249)
	at com.evernote.test_framework.pages.LoginPage.isPasswordFieldVisible(LoginPage.java:49)
	at com.evernote.test_framework.steps.login.ui.EndUserUiSteps.is_password_field_visible(EndUserUiSteps.java:37)
	at com.evernote.test_framework.steps.login.ui.EndUserUiSteps$ByteBuddy$gb62CWHU.is_password_field_visible$accessor$aljKL1ls(Unknown Source)
	(reflection-invoke)
	at net.thucydides.core.steps.StepInterceptor.invokeMethod(StepInterceptor.java:492)
	at net.thucydides.core.steps.StepInterceptor.executeTestStepMethod(StepInterceptor.java:472)
	at net.thucydides.core.steps.StepInterceptor.runTestStep(StepInterceptor.java:445)
	at net.thucydides.core.steps.StepInterceptor.runOrSkipMethod(StepInterceptor.java:201)
	at net.thucydides.core.steps.StepInterceptor.testStepResult(StepInterceptor.java:188)
	at net.thucydides.core.steps.StepInterceptor.intercept(StepInterceptor.java:76)
	at net.thucydides.core.steps.ProxyConfiguration$InterceptorDispatcher.intercept(ProxyConfiguration.java:51)
	at com.evernote.test_framework.steps.login.ui.EndUserUiSteps$ByteBuddy$gb62CWHU.is_password_field_visible(Unknown Source)
	at com.evernote.test_framework.steps.login.ui.LoginUiSteps.whenUserEntersPassword(LoginUiSteps.java:31)
	(reflection-invoke)
	at org.jbehave.core.steps.StepCreator$ParametrisedStep.perform(StepCreator.java:790)
	at org.jbehave.core.embedder.PerformableTree$FineSoFar.run(PerformableTree.java:349)
...</failure>
</scenario>
<scenario keyword="Scenario:" title="Successful login using e-mail">
<step outcome="successful">Given the user is on the LoginPage</step>
<step outcome="successful">When the user enters e-mail &apos;ostrolutskyy@gmail.com&apos;</step>
<step outcome="successful">And the user clicks on login button</step>
<step outcome="failed" keyword="FAILED">And the user enters password &apos;proper_password&apos;<failure>org.openqa.selenium.ElementNotVisibleException: Timed out after 2 seconds. Element not available
Build info: version: &apos;3.141.59&apos;, revision: &apos;e82be7d358&apos;, time: &apos;2018-11-14T08:17:03&apos;
System info: host: &apos;ua11-al-89OA&apos;, ip: &apos;fe80:0:0:0:8cc:e4c8:7a8a:f773%en0&apos;, os.name: &apos;Mac OS X&apos;, os.arch: &apos;aarch64&apos;, os.version: &apos;12.1&apos;, java.version: &apos;1.8.0_332&apos;
Driver info: driver.version: unknown</failure></step>
<step outcome="notPerformed" keyword="NOT PERFORMED">And the user clicks on login button</step>
<step outcome="notPerformed" keyword="NOT PERFORMED">Then the user is on the HomePage</step>
<failure>org.openqa.selenium.ElementNotVisibleException: Timed out after 2 seconds. Element not available
Build info: version: &apos;3.141.59&apos;, revision: &apos;e82be7d358&apos;, time: &apos;2018-11-14T08:17:03&apos;
System info: host: &apos;ua11-al-89OA&apos;, ip: &apos;fe80:0:0:0:8cc:e4c8:7a8a:f773%en0&apos;, os.name: &apos;Mac OS X&apos;, os.arch: &apos;aarch64&apos;, os.version: &apos;12.1&apos;, java.version: &apos;1.8.0_332&apos;
Driver info: driver.version: unknown
	at net.thucydides.core.annotations.locators.SmartAjaxElementLocator.ajaxFindElement(SmartAjaxElementLocator.java:161)
	at net.thucydides.core.annotations.locators.SmartAjaxElementLocator.findElement(SmartAjaxElementLocator.java:116)
	at net.serenitybdd.core.pages.WebElementResolverByElementLocator.resolveForDriver(WebElementResolverByElementLocator.java:29)
	at net.serenitybdd.core.pages.WebElementFacadeImpl.getResolvedELement(WebElementFacadeImpl.java:234)
	at net.serenitybdd.core.pages.WebElementFacadeImpl.getElement(WebElementFacadeImpl.java:229)
	at net.serenitybdd.core.pages.WebElementFacadeImpl.isDisplayed(WebElementFacadeImpl.java:1351)
	(reflection-invoke)
	at net.thucydides.core.annotations.locators.AbstractSingleItemHandler.invoke(AbstractSingleItemHandler.java:43)
	at com.sun.proxy.$Proxy30.isDisplayed(Unknown Source)
	at org.openqa.selenium.support.ui.ExpectedConditions.elementIfVisible(ExpectedConditions.java:314)
	at org.openqa.selenium.support.ui.ExpectedConditions.access$000(ExpectedConditions.java:43)
	at org.openqa.selenium.support.ui.ExpectedConditions$10.apply(ExpectedConditions.java:300)
	at org.openqa.selenium.support.ui.ExpectedConditions$10.apply(ExpectedConditions.java:297)
	at org.openqa.selenium.support.ui.ExpectedConditions$23.apply(ExpectedConditions.java:670)
	at org.openqa.selenium.support.ui.ExpectedConditions$23.apply(ExpectedConditions.java:666)
	at org.openqa.selenium.support.ui.FluentWait.until(FluentWait.java:249)
	at com.evernote.test_framework.pages.LoginPage.isPasswordFieldVisible(LoginPage.java:49)
	at com.evernote.test_framework.steps.login.ui.EndUserUiSteps.is_password_field_visible(EndUserUiSteps.java:37)
	at com.evernote.test_framework.steps.login.ui.EndUserUiSteps$ByteBuddy$gb62CWHU.is_password_field_visible$accessor$aljKL1ls(Unknown Source)
	(reflection-invoke)
	at net.thucydides.core.steps.StepInterceptor.invokeMethod(StepInterceptor.java:492)
	at net.thucydides.core.steps.StepInterceptor.executeTestStepMethod(StepInterceptor.java:472)
	at net.thucydides.core.steps.StepInterceptor.runTestStep(StepInterceptor.java:445)
	at net.thucydides.core.steps.StepInterceptor.runOrSkipMethod(StepInterceptor.java:201)
	at net.thucydides.core.steps.StepInterceptor.testStepResult(StepInterceptor.java:188)
	at net.thucydides.core.steps.StepInterceptor.intercept(StepInterceptor.java:76)
	at net.thucydides.core.steps.ProxyConfiguration$InterceptorDispatcher.intercept(ProxyConfiguration.java:51)
	at com.evernote.test_framework.steps.login.ui.EndUserUiSteps$ByteBuddy$gb62CWHU.is_password_field_visible(Unknown Source)
	at com.evernote.test_framework.steps.login.ui.LoginUiSteps.whenUserEntersPassword(LoginUiSteps.java:31)
	(reflection-invoke)
	at org.jbehave.core.steps.StepCreator$ParametrisedStep.perform(StepCreator.java:790)
	at org.jbehave.core.embedder.PerformableTree$FineSoFar.run(PerformableTree.java:349)
...</failure>
</scenario>
<scenario keyword="Scenario:" title="Unsuccessful login using e-mail via api">
<step outcome="successful">Given the user have e-mail &apos;ostrolutskyy@gmail.com&apos; and password &apos;proper_password&apos;</step>
<step outcome="successful">When the user send a login request</step>
<step outcome="successful">Then the user get a suspicious response</step>
</scenario>
</story>
