<html>
<head>
<title>stories.login.LoginToWebsiteAndMakeNotes</title>
<style type="text/css" media="all">
@import url( "./style/jbehave-core.css" );
</style>
</head>
<body>
<div class="story">
<h1></h1>
<div class="path">stories/login/LoginToWebsiteAndMakeNotes.story</div>
<div class="scenario">
<h2>Scenario: Login and write a note followed by a logout</h2>
<div class="step successful">Given the user is on the LoginPage</div>
<div class="step successful">When the user enters e-mail 'ostrolutskyy@gmail.com'</div>
<div class="step successful">And the user clicks on login button</div>
<div class="step failed">And the user enters password 'proper_password' <span class="keyword failed">(FAILED)</span><br/><span class="message failed">org.openqa.selenium.ElementNotVisibleException: Timed out after 2 seconds. Element not available
Build info: version: '3.141.59', revision: 'e82be7d358', time: '2018-11-14T08:17:03'
System info: host: 'ua11-al-89OA', ip: 'fe80:0:0:0:8cc:e4c8:7a8a:f773%en0', os.name: 'Mac OS X', os.arch: 'aarch64', os.version: '12.1', java.version: '1.8.0_332'
Driver info: driver.version: unknown</span></div>
<div class="step notPerformed">And the user clicks on login button <span class="keyword notPerformed">(NOT PERFORMED)</span></div>
<div class="step notPerformed">Then the user is on the HomePage <span class="keyword notPerformed">(NOT PERFORMED)</span></div>
<div class="step notPerformed">When the user creates a note with text 'Simple text' <span class="keyword notPerformed">(NOT PERFORMED)</span></div>
<div class="step notPerformed">And the user clicks on logout <span class="keyword notPerformed">(NOT PERFORMED)</span></div>
<div class="step notPerformed">Then the user follows by a logout <span class="keyword notPerformed">(NOT PERFORMED)</span></div>
<pre class="failure">org.openqa.selenium.ElementNotVisibleException: Timed out after 2 seconds. Element not available
Build info: version: '3.141.59', revision: 'e82be7d358', time: '2018-11-14T08:17:03'
System info: host: 'ua11-al-89OA', ip: 'fe80:0:0:0:8cc:e4c8:7a8a:f773%en0', os.name: 'Mac OS X', os.arch: 'aarch64', os.version: '12.1', java.version: '1.8.0_332'
Driver info: driver.version: unknown
	at net.thucydides.core.annotations.locators.SmartAjaxElementLocator.ajaxFindElement(SmartAjaxElementLocator.java:161)
	at net.thucydides.core.annotations.locators.SmartAjaxElementLocator.findElement(SmartAjaxElementLocator.java:116)
	at net.serenitybdd.core.pages.WebElementResolverByElementLocator.resolveForDriver(WebElementResolverByElementLocator.java:29)
	at net.serenitybdd.core.pages.WebElementFacadeImpl.getResolvedELement(WebElementFacadeImpl.java:234)
	at net.serenitybdd.core.pages.WebElementFacadeImpl.getElement(WebElementFacadeImpl.java:229)
	at net.serenitybdd.core.pages.WebElementFacadeImpl.isDisplayed(WebElementFacadeImpl.java:1351)
	(reflection-invoke)
	at net.thucydides.core.annotations.locators.AbstractSingleItemHandler.invoke(AbstractSingleItemHandler.java:43)
	at com.sun.proxy.$Proxy30.isDisplayed(Unknown Source)
	at org.openqa.selenium.support.ui.ExpectedConditions.elementIfVisible(ExpectedConditions.java:314)
	at org.openqa.selenium.support.ui.ExpectedConditions.access$000(ExpectedConditions.java:43)
	at org.openqa.selenium.support.ui.ExpectedConditions$10.apply(ExpectedConditions.java:300)
	at org.openqa.selenium.support.ui.ExpectedConditions$10.apply(ExpectedConditions.java:297)
	at org.openqa.selenium.support.ui.ExpectedConditions$23.apply(ExpectedConditions.java:670)
	at org.openqa.selenium.support.ui.ExpectedConditions$23.apply(ExpectedConditions.java:666)
	at org.openqa.selenium.support.ui.FluentWait.until(FluentWait.java:249)
	at com.evernote.test_framework.pages.LoginPage.isPasswordFieldVisible(LoginPage.java:49)
	at com.evernote.test_framework.steps.login.ui.EndUserUiSteps.is_password_field_visible(EndUserUiSteps.java:37)
	at com.evernote.test_framework.steps.login.ui.EndUserUiSteps$ByteBuddy$gb62CWHU.is_password_field_visible$accessor$aljKL1ls(Unknown Source)
	(reflection-invoke)
	at net.thucydides.core.steps.StepInterceptor.invokeMethod(StepInterceptor.java:492)
	at net.thucydides.core.steps.StepInterceptor.executeTestStepMethod(StepInterceptor.java:472)
	at net.thucydides.core.steps.StepInterceptor.runTestStep(StepInterceptor.java:445)
	at net.thucydides.core.steps.StepInterceptor.runOrSkipMethod(StepInterceptor.java:201)
	at net.thucydides.core.steps.StepInterceptor.testStepResult(StepInterceptor.java:188)
	at net.thucydides.core.steps.StepInterceptor.intercept(StepInterceptor.java:76)
	at net.thucydides.core.steps.ProxyConfiguration$InterceptorDispatcher.intercept(ProxyConfiguration.java:51)
	at com.evernote.test_framework.steps.login.ui.EndUserUiSteps$ByteBuddy$gb62CWHU.is_password_field_visible(Unknown Source)
	at com.evernote.test_framework.steps.login.ui.LoginUiSteps.whenUserEntersPassword(LoginUiSteps.java:31)
	(reflection-invoke)
	at org.jbehave.core.steps.StepCreator$ParametrisedStep.perform(StepCreator.java:790)
	at org.jbehave.core.embedder.PerformableTree$FineSoFar.run(PerformableTree.java:349)
...</pre>
</div>
<div class="scenario">
<h2>Scenario: Login again and make sure a last note created</h2>
<div class="step successful">Given the user is on the LoginPage</div>
<div class="step successful">When the user enters e-mail 'ostrolutskyy@gmail.com'</div>
<div class="step successful">And the user clicks on login button</div>
<div class="step failed">And the user enters password 'proper_password' <span class="keyword failed">(FAILED)</span><br/><span class="message failed">org.openqa.selenium.ElementNotVisibleException: Timed out after 2 seconds. Element not available
Build info: version: '3.141.59', revision: 'e82be7d358', time: '2018-11-14T08:17:03'
System info: host: 'ua11-al-89OA', ip: 'fe80:0:0:0:8cc:e4c8:7a8a:f773%en0', os.name: 'Mac OS X', os.arch: 'aarch64', os.version: '12.1', java.version: '1.8.0_332'
Driver info: driver.version: unknown</span></div>
<div class="step notPerformed">And the user clicks on login button <span class="keyword notPerformed">(NOT PERFORMED)</span></div>
<div class="step notPerformed">Then the user is on the HomePage <span class="keyword notPerformed">(NOT PERFORMED)</span></div>
<div class="step notPerformed">And a note with text 'Simple text' has been created <span class="keyword notPerformed">(NOT PERFORMED)</span></div>
<pre class="failure">org.openqa.selenium.ElementNotVisibleException: Timed out after 2 seconds. Element not available
Build info: version: '3.141.59', revision: 'e82be7d358', time: '2018-11-14T08:17:03'
System info: host: 'ua11-al-89OA', ip: 'fe80:0:0:0:8cc:e4c8:7a8a:f773%en0', os.name: 'Mac OS X', os.arch: 'aarch64', os.version: '12.1', java.version: '1.8.0_332'
Driver info: driver.version: unknown
	at net.thucydides.core.annotations.locators.SmartAjaxElementLocator.ajaxFindElement(SmartAjaxElementLocator.java:161)
	at net.thucydides.core.annotations.locators.SmartAjaxElementLocator.findElement(SmartAjaxElementLocator.java:116)
	at net.serenitybdd.core.pages.WebElementResolverByElementLocator.resolveForDriver(WebElementResolverByElementLocator.java:29)
	at net.serenitybdd.core.pages.WebElementFacadeImpl.getResolvedELement(WebElementFacadeImpl.java:234)
	at net.serenitybdd.core.pages.WebElementFacadeImpl.getElement(WebElementFacadeImpl.java:229)
	at net.serenitybdd.core.pages.WebElementFacadeImpl.isDisplayed(WebElementFacadeImpl.java:1351)
	(reflection-invoke)
	at net.thucydides.core.annotations.locators.AbstractSingleItemHandler.invoke(AbstractSingleItemHandler.java:43)
	at com.sun.proxy.$Proxy30.isDisplayed(Unknown Source)
	at org.openqa.selenium.support.ui.ExpectedConditions.elementIfVisible(ExpectedConditions.java:314)
	at org.openqa.selenium.support.ui.ExpectedConditions.access$000(ExpectedConditions.java:43)
	at org.openqa.selenium.support.ui.ExpectedConditions$10.apply(ExpectedConditions.java:300)
	at org.openqa.selenium.support.ui.ExpectedConditions$10.apply(ExpectedConditions.java:297)
	at org.openqa.selenium.support.ui.ExpectedConditions$23.apply(ExpectedConditions.java:670)
	at org.openqa.selenium.support.ui.ExpectedConditions$23.apply(ExpectedConditions.java:666)
	at org.openqa.selenium.support.ui.FluentWait.until(FluentWait.java:249)
	at com.evernote.test_framework.pages.LoginPage.isPasswordFieldVisible(LoginPage.java:49)
	at com.evernote.test_framework.steps.login.ui.EndUserUiSteps.is_password_field_visible(EndUserUiSteps.java:37)
	at com.evernote.test_framework.steps.login.ui.EndUserUiSteps$ByteBuddy$gb62CWHU.is_password_field_visible$accessor$aljKL1ls(Unknown Source)
	(reflection-invoke)
	at net.thucydides.core.steps.StepInterceptor.invokeMethod(StepInterceptor.java:492)
	at net.thucydides.core.steps.StepInterceptor.executeTestStepMethod(StepInterceptor.java:472)
	at net.thucydides.core.steps.StepInterceptor.runTestStep(StepInterceptor.java:445)
	at net.thucydides.core.steps.StepInterceptor.runOrSkipMethod(StepInterceptor.java:201)
	at net.thucydides.core.steps.StepInterceptor.testStepResult(StepInterceptor.java:188)
	at net.thucydides.core.steps.StepInterceptor.intercept(StepInterceptor.java:76)
	at net.thucydides.core.steps.ProxyConfiguration$InterceptorDispatcher.intercept(ProxyConfiguration.java:51)
	at com.evernote.test_framework.steps.login.ui.EndUserUiSteps$ByteBuddy$gb62CWHU.is_password_field_visible(Unknown Source)
	at com.evernote.test_framework.steps.login.ui.LoginUiSteps.whenUserEntersPassword(LoginUiSteps.java:31)
	(reflection-invoke)
	at org.jbehave.core.steps.StepCreator$ParametrisedStep.perform(StepCreator.java:790)
	at org.jbehave.core.embedder.PerformableTree$FineSoFar.run(PerformableTree.java:349)
...</pre>
</div>
</div>

</body>
<!--  SyntaxHighlighter resources:  should be included at end of body -->
<link rel="stylesheet" type="text/css" href="./style/sh-3.0.83/shCore.css"/>
<link rel="stylesheet" type="text/css" href="./style/sh-3.0.83/shThemeRDark.css"/>
<script language="javascript" src="./js/sh-3.0.83/shCore.js"></script>
<script language="javascript" src="./js/sh-3.0.83/shBrushBash.js"></script>
<script language="javascript" src="./js/sh-3.0.83/shBrushCss.js"></script>
<script language="javascript" src="./js/sh-3.0.83/shBrushDiff.js"></script>
<script language="javascript" src="./js/sh-3.0.83/shBrushGroovy.js"></script>
<script language="javascript" src="./js/sh-3.0.83/shBrushJava.js"></script>
<script language="javascript" src="./js/sh-3.0.83/shBrushJScript.js"></script>
<script language="javascript" src="./js/sh-3.0.83/shBrushPlain.js"></script>
<script language="javascript" src="./js/sh-3.0.83/shBrushPython.js"></script>
<script language="javascript" src="./js/sh-3.0.83/shBrushRuby.js"></script>
<script language="javascript" src="./js/sh-3.0.83/shBrushScala.js"></script>
<script language="javascript" src="./js/sh-3.0.83/shBrushXml.js"></script>
<script language="javascript" src="./js/shBrushBdd.js"></script>
<script type="text/javascript">
    SyntaxHighlighter.defaults['gutter'] = false;
    SyntaxHighlighter.defaults['toolbar'] = false;    
    SyntaxHighlighter.all();
</script>
</html>
