-------------------------------------------------------------------------------
Test set: com.evernote.test_framework.TestSuite
-------------------------------------------------------------------------------
Tests run: 39, Failures: 0, Errors: 5, Skipped: 12, Time elapsed: 135.156 s <<< FAILURE! - in com.evernote.test_framework.TestSuite
com.evernote.test_framework.steps.login.ui.LoginUiSteps.Then the user should see error response message 'There is no account for the username or email you entered․'  Time elapsed: 13.117 s  <<< ERROR!
org.openqa.selenium.ElementNotVisibleException: 
Timed out after 2 seconds. Element not available
Build info: version: '3.141.59', revision: 'e82be7d358', time: '2018-11-14T08:17:03'
System info: host: 'ua11-al-89OA', ip: 'fe80:0:0:0:8cc:e4c8:7a8a:f773%en0', os.name: 'Mac OS X', os.arch: 'aarch64', os.version: '12.1', java.version: '1.8.0_332'
Driver info: driver.version: unknown
	at com.evernote.test_framework.steps.login.ui.LoginUiSteps.thenUserShouldSeeErrorResponseMessage(LoginUiSteps.java:38)

com.evernote.test_framework.steps.login.ui.LoginUiSteps.And the user enters password 'password'  Time elapsed: 13.058 s  <<< ERROR!
org.openqa.selenium.ElementNotVisibleException: 
Timed out after 2 seconds. Element not available
Build info: version: '3.141.59', revision: 'e82be7d358', time: '2018-11-14T08:17:03'
System info: host: 'ua11-al-89OA', ip: 'fe80:0:0:0:8cc:e4c8:7a8a:f773%en0', os.name: 'Mac OS X', os.arch: 'aarch64', os.version: '12.1', java.version: '1.8.0_332'
Driver info: driver.version: unknown
	at com.evernote.test_framework.steps.login.ui.LoginUiSteps.whenUserEntersPassword(LoginUiSteps.java:31)

com.evernote.test_framework.steps.login.ui.LoginUiSteps.And the user enters password 'proper_password'  Time elapsed: 13.009 s  <<< ERROR!
org.openqa.selenium.ElementNotVisibleException: 
Timed out after 2 seconds. Element not available
Build info: version: '3.141.59', revision: 'e82be7d358', time: '2018-11-14T08:17:03'
System info: host: 'ua11-al-89OA', ip: 'fe80:0:0:0:8cc:e4c8:7a8a:f773%en0', os.name: 'Mac OS X', os.arch: 'aarch64', os.version: '12.1', java.version: '1.8.0_332'
Driver info: driver.version: unknown
	at com.evernote.test_framework.steps.login.ui.LoginUiSteps.whenUserEntersPassword(LoginUiSteps.java:31)

com.evernote.test_framework.steps.login.ui.LoginUiSteps.And the user enters password 'proper_password'​  Time elapsed: 13.028 s  <<< ERROR!
org.openqa.selenium.ElementNotVisibleException: 
Timed out after 2 seconds. Element not available
Build info: version: '3.141.59', revision: 'e82be7d358', time: '2018-11-14T08:17:03'
System info: host: 'ua11-al-89OA', ip: 'fe80:0:0:0:8cc:e4c8:7a8a:f773%en0', os.name: 'Mac OS X', os.arch: 'aarch64', os.version: '12.1', java.version: '1.8.0_332'
Driver info: driver.version: unknown
	at com.evernote.test_framework.steps.login.ui.LoginUiSteps.whenUserEntersPassword(LoginUiSteps.java:31)

com.evernote.test_framework.steps.login.ui.LoginUiSteps.And the user enters password 'proper_password'​​  Time elapsed: 12.971 s  <<< ERROR!
org.openqa.selenium.ElementNotVisibleException: 
Timed out after 2 seconds. Element not available
Build info: version: '3.141.59', revision: 'e82be7d358', time: '2018-11-14T08:17:03'
System info: host: 'ua11-al-89OA', ip: 'fe80:0:0:0:8cc:e4c8:7a8a:f773%en0', os.name: 'Mac OS X', os.arch: 'aarch64', os.version: '12.1', java.version: '1.8.0_332'
Driver info: driver.version: unknown
	at com.evernote.test_framework.steps.login.ui.LoginUiSteps.whenUserEntersPassword(LoginUiSteps.java:31)

